#
# A fatal error has been detected by the Java Runtime Environment:
#
#  EXCEPTION_ACCESS_VIOLATION (0xc0000005) at pc=0x000000006f25de93, pid=15416, tid=0x0000000000006990
#
# JRE version: Java(TM) SE Runtime Environment (8.0_181-b13) (build 1.8.0_181-b13)
# Java VM: Java HotSpot(TM) 64-Bit Server VM (25.181-b13 mixed mode windows-amd64 compressed oops)
# Problematic frame:
# V  [jvm.dll+0xfde93]
#
# Failed to write core dump. Minidumps are not enabled by default on client versions of Windows
#
# If you would like to submit a bug report, please visit:
#   http://bugreport.java.com/bugreport/crash.jsp
#

---------------  T H R E A D  ---------------

Current thread (0x0000000002fdd800):  GCTaskThread [stack: 0x0000000012b30000,0x0000000012c30000] [id=27024]

siginfo: ExceptionCode=0xc0000005, reading address 0xffffffffffffffff

Registers:
RAX=0x000000000000001f, RBX=0x0000000012c2ec70, RCX=0x0000000012c2ec70, RDX=0xffffffffffffca9f
RSP=0x0000000012c2ea20, RBP=0x0000000012c2ea90, RSI=0x0000000012c2ec70, RDI=0x00000000000000a7
R8 =0x000000000000001f, R9 =0x0000000002fddcd0, R10=0x03ffffffffffff2a, R11=0x000000001c976bd2
R12=0x0000000000000000, R13=0x000000006f25de70, R14=0x000000000000005a, R15=0x0000000000000001
RIP=0x000000006f25de93, EFLAGS=0x0000000000010a02

Top of Stack: (sp=0x0000000012c2ea20)
0x0000000012c2ea20:   0000000012c2ec70 0000000012c2ea90
0x0000000012c2ea30:   000000000000005a 000000006f2125ce
0x0000000012c2ea40:   0000000012c2ec70 000000006f25fca0
0x0000000012c2ea50:   0000588273e045ca 0000000012c2ec70
0x0000000012c2ea60:   0000000012c2ec70 000000006f25f756
0x0000000012c2ea70:   0000000012c2eae0 000000001c976bc4
0x0000000012c2ea80:   00000000ffffff92 000000006f25f756
0x0000000012c2ea90:   00000000000003d8 0000000002fddfc8
0x0000000012c2eaa0:   0000000000000000 00000000000000a7
0x0000000012c2eab0:   0000000002fdd800 000000006f260704
0x0000000012c2eac0:   0000000012c2ec70 0000000000000000
0x0000000012c2ead0:   000000000000005a 0000000000000058
0x0000000012c2eae0:   000000001c976cc8 0000000002fdd800
0x0000000012c2eaf0:   0000005d0000005a 000000a7000000ac
0x0000000012c2eb00:   0000000012c20000 00000000000000a7
0x0000000012c2eb10:   0000000000000003 00000000000003d8 

Instructions: (pc=0x000000006f25de93)
0x000000006f25de73:   83 ec 20 4c 8b 89 90 00 00 00 48 63 d2 48 8b d9
0x000000006f25de83:   0f b6 c2 4c 8b d2 24 3f 49 c1 ea 06 44 0f b6 c0
0x000000006f25de93:   4b 8b 04 d1 4c 0f a3 c0 72 0f 48 83 c1 70 41 b0
0x000000006f25dea3:   01 e8 b7 82 17 00 ff 43 6c 48 83 c4 20 5b c3 cc 


Register to memory mapping:

RAX=0x000000000000001f is an unknown value
RBX=0x0000000012c2ec70 is an unknown value
RCX=0x0000000012c2ec70 is an unknown value
RDX=0xffffffffffffca9f is an unknown value
RSP=0x0000000012c2ea20 is an unknown value
RBP=0x0000000012c2ea90 is an unknown value
RSI=0x0000000012c2ec70 is an unknown value
RDI=0x00000000000000a7 is an unknown value
R8 =0x000000000000001f is an unknown value
R9 =0x0000000002fddcd0 is an unknown value
R10=0x03ffffffffffff2a is an unknown value
R11=0x000000001c976bd2 is pointing into metadata
R12=0x0000000000000000 is an unknown value
R13=0x000000006f25de70 is an unknown value
R14=0x000000000000005a is an unknown value
R15=0x0000000000000001 is an unknown value


Stack: [0x0000000012b30000,0x0000000012c30000],  sp=0x0000000012c2ea20,  free space=1018k
Native frames: (J=compiled Java code, j=interpreted, Vv=VM code, C=native code)
V  [jvm.dll+0xfde93]
V  [jvm.dll+0xffca0]
V  [jvm.dll+0x100704]
V  [jvm.dll+0x103ae4]
V  [jvm.dll+0xc50be]
V  [jvm.dll+0xc5748]
V  [jvm.dll+0xc587a]
V  [jvm.dll+0xc5a78]
V  [jvm.dll+0x10f94a]
V  [jvm.dll+0x12d22f]
V  [jvm.dll+0x20fec2]
V  [jvm.dll+0x210015]
V  [jvm.dll+0x241eff]
V  [jvm.dll+0x4060ac]
V  [jvm.dll+0x3f4dde]
V  [jvm.dll+0x29e64a]
C  [msvcr100.dll+0x21d9f]
C  [msvcr100.dll+0x21e3b]
C  [KERNEL32.DLL+0x13034]
C  [ntdll.dll+0x71431]

JavaThread 0x000000001c4b0800 (nid = 20640) was being processed
Java frames: (J=compiled Java code, j=interpreted, Vv=VM code)
j  controllers.GreetingController.department(Ljava/lang/Integer;Ljava/lang/Integer;Ljava/lang/String;)Ltables/departmentInfo;+78
v  ~StubRoutines::call_stub
J 1467  sun.reflect.NativeMethodAccessorImpl.invoke0(Ljava/lang/reflect/Method;Ljava/lang/Object;[Ljava/lang/Object;)Ljava/lang/Object; (0 bytes) @ 0x000000000344a8bf [0x000000000344a840+0x7f]
j  sun.reflect.NativeMethodAccessorImpl.invoke(Ljava/lang/Object;[Ljava/lang/Object;)Ljava/lang/Object;+100
j  sun.reflect.DelegatingMethodAccessorImpl.invoke(Ljava/lang/Object;[Ljava/lang/Object;)Ljava/lang/Object;+6
j  java.lang.reflect.Method.invoke(Ljava/lang/Object;[Ljava/lang/Object;)Ljava/lang/Object;+56
j  org.springframework.web.method.support.InvocableHandlerMethod.doInvoke([Ljava/lang/Object;)Ljava/lang/Object;+16
j  org.springframework.web.method.support.InvocableHandlerMethod.invokeForRequest(Lorg/springframework/web/context/request/NativeWebRequest;Lorg/springframework/web/method/support/ModelAndViewContainer;[Ljava/lang/Object;)Ljava/lang/Object;+75
j  org.springframework.web.servlet.mvc.method.annotation.ServletInvocableHandlerMethod.invokeAndHandle(Lorg/springframework/web/context/request/ServletWebRequest;Lorg/springframework/web/method/support/ModelAndViewContainer;[Ljava/lang/Object;)V+4
j  org.springframework.web.servlet.mvc.method.annotation.RequestMappingHandlerAdapter.invokeHandlerMethod(Ljavax/servlet/http/HttpServletRequest;Ljavax/servlet/http/HttpServletResponse;Lorg/springframework/web/method/HandlerMethod;)Lorg/springframework/web/servlet/ModelAndView;+262
j  org.springframework.web.servlet.mvc.method.annotation.RequestMappingHandlerAdapter.handleInternal(Ljavax/servlet/http/HttpServletRequest;Ljavax/servlet/http/HttpServletResponse;Lorg/springframework/web/method/HandlerMethod;)Lorg/springframework/web/servlet/ModelAndView;+81
j  org.springframework.web.servlet.mvc.method.AbstractHandlerMethodAdapter.handle(Ljavax/servlet/http/HttpServletRequest;Ljavax/servlet/http/HttpServletResponse;Ljava/lang/Object;)Lorg/springframework/web/servlet/ModelAndView;+7
j  org.springframework.web.servlet.DispatcherServlet.doDispatch(Ljavax/servlet/http/HttpServletRequest;Ljavax/servlet/http/HttpServletResponse;)V+318
j  org.springframework.web.servlet.DispatcherServlet.doService(Ljavax/servlet/http/HttpServletRequest;Ljavax/servlet/http/HttpServletResponse;)V+301
j  org.springframework.web.servlet.FrameworkServlet.processRequest(Ljavax/servlet/http/HttpServletRequest;Ljavax/servlet/http/HttpServletResponse;)V+71
j  org.springframework.web.servlet.FrameworkServlet.doGet(Ljavax/servlet/http/HttpServletRequest;Ljavax/servlet/http/HttpServletResponse;)V+3
j  javax.servlet.http.HttpServlet.service(Ljavax/servlet/http/HttpServletRequest;Ljavax/servlet/http/HttpServletResponse;)V+35
j  org.springframework.web.servlet.FrameworkServlet.service(Ljavax/servlet/http/HttpServletRequest;Ljavax/servlet/http/HttpServletResponse;)V+33
j  javax.servlet.http.HttpServlet.service(Ljavax/servlet/ServletRequest;Ljavax/servlet/ServletResponse;)V+30
j  org.apache.catalina.core.ApplicationFilterChain.internalDoFilter(Ljavax/servlet/ServletRequest;Ljavax/servlet/ServletResponse;)V+304
j  org.apache.catalina.core.ApplicationFilterChain.doFilter(Ljavax/servlet/ServletRequest;Ljavax/servlet/ServletResponse;)V+101
j  org.apache.tomcat.websocket.server.WsFilter.doFilter(Ljavax/servlet/ServletRequest;Ljavax/servlet/ServletResponse;Ljavax/servlet/FilterChain;)V+21
j  org.apache.catalina.core.ApplicationFilterChain.internalDoFilter(Ljavax/servlet/ServletRequest;Ljavax/servlet/ServletResponse;)V+135
j  org.apache.catalina.core.ApplicationFilterChain.doFilter(Ljavax/servlet/ServletRequest;Ljavax/servlet/ServletResponse;)V+101
j  org.springframework.security.web.FilterChainProxy$VirtualFilterChain.doFilter(Ljavax/servlet/ServletRequest;Ljavax/servlet/ServletResponse;)V+68
j  org.springframework.security.web.access.intercept.FilterSecurityInterceptor.invoke(Lorg/springframework/security/web/FilterInvocation;)V+87
j  org.springframework.security.web.access.intercept.FilterSecurityInterceptor.doFilter(Ljavax/servlet/ServletRequest;Ljavax/servlet/ServletResponse;Ljavax/servlet/FilterChain;)V+15
j  org.springframework.security.web.FilterChainProxy$VirtualFilterChain.doFilter(Ljavax/servlet/ServletRequest;Ljavax/servlet/ServletResponse;)V+192
j  org.springframework.security.web.access.ExceptionTranslationFilter.doFilter(Ljavax/servlet/ServletRequest;Ljavax/servlet/ServletResponse;Ljavax/servlet/FilterChain;)V+17
j  org.springframework.security.web.FilterChainProxy$VirtualFilterChain.doFilter(Ljavax/servlet/ServletRequest;Ljavax/servlet/ServletResponse;)V+192
j  org.springframework.security.web.session.SessionManagementFilter.doFilter(Ljavax/servlet/ServletRequest;Ljavax/servlet/ServletResponse;Ljavax/servlet/FilterChain;)V+258
j  org.springframework.security.web.FilterChainProxy$VirtualFilterChain.doFilter(Ljavax/servlet/ServletRequest;Ljavax/servlet/ServletResponse;)V+192
j  org.springframework.security.web.authentication.AnonymousAuthenticationFilter.doFilter(Ljavax/servlet/ServletRequest;Ljavax/servlet/ServletResponse;Ljavax/servlet/FilterChain;)V+137
j  org.springframework.security.web.FilterChainProxy$VirtualFilterChain.doFilter(Ljavax/servlet/ServletRequest;Ljavax/servlet/ServletResponse;)V+192
j  org.springframework.security.web.servletapi.SecurityContextHolderAwareRequestFilter.doFilter(Ljavax/servlet/ServletRequest;Ljavax/servlet/ServletResponse;Ljavax/servlet/FilterChain;)V+19
j  org.springframework.security.web.FilterChainProxy$VirtualFilterChain.doFilter(Ljavax/servlet/ServletRequest;Ljavax/servlet/ServletResponse;)V+192
j  org.springframework.security.web.savedrequest.RequestCacheAwareFilter.doFilter(Ljavax/servlet/ServletRequest;Ljavax/servlet/ServletResponse;Ljavax/servlet/FilterChain;)V+32
j  org.springframework.security.web.FilterChainProxy$VirtualFilterChain.doFilter(Ljavax/servlet/ServletRequest;Ljavax/servlet/ServletResponse;)V+192
j  org.springframework.security.web.authentication.www.BasicAuthenticationFilter.doFilterInternal(Ljavax/servlet/http/HttpServletRequest;Ljavax/servlet/http/HttpServletResponse;Ljavax/servlet/FilterChain;)V+39
j  org.springframework.web.filter.OncePerRequestFilter.doFilter(Ljavax/servlet/ServletRequest;Ljavax/servlet/ServletResponse;Ljavax/servlet/FilterChain;)V+111
j  org.springframework.security.web.FilterChainProxy$VirtualFilterChain.doFilter(Ljavax/servlet/ServletRequest;Ljavax/servlet/ServletResponse;)V+192
j  org.springframework.security.web.authentication.AbstractAuthenticationProcessingFilter.doFilter(Ljavax/servlet/ServletRequest;Ljavax/servlet/ServletResponse;Ljavax/servlet/FilterChain;)V+28
j  org.springframework.security.web.FilterChainProxy$VirtualFilterChain.doFilter(Ljavax/servlet/ServletRequest;Ljavax/servlet/ServletResponse;)V+192
j  org.springframework.security.web.authentication.logout.LogoutFilter.doFilter(Ljavax/servlet/ServletRequest;Ljavax/servlet/ServletResponse;Ljavax/servlet/FilterChain;)V+115
j  org.springframework.security.web.FilterChainProxy$VirtualFilterChain.doFilter(Ljavax/servlet/ServletRequest;Ljavax/servlet/ServletResponse;)V+192
j  org.springframework.security.web.header.HeaderWriterFilter.doFilterInternal(Ljavax/servlet/http/HttpServletRequest;Ljavax/servlet/http/HttpServletResponse;Ljavax/servlet/FilterChain;)V+48
j  org.springframework.web.filter.OncePerRequestFilter.doFilter(Ljavax/servlet/ServletRequest;Ljavax/servlet/ServletResponse;Ljavax/servlet/FilterChain;)V+111
j  org.springframework.security.web.FilterChainProxy$VirtualFilterChain.doFilter(Ljavax/servlet/ServletRequest;Ljavax/servlet/ServletResponse;)V+192
j  org.springframework.security.web.context.SecurityContextPersistenceFilter.doFilter(Ljavax/servlet/ServletRequest;Ljavax/servlet/ServletResponse;Ljavax/servlet/FilterChain;)V+165
j  org.springframework.security.web.FilterChainProxy$VirtualFilterChain.doFilter(Ljavax/servlet/ServletRequest;Ljavax/servlet/ServletResponse;)V+192
j  org.springframework.security.web.context.request.async.WebAsyncManagerIntegrationFilter.doFilterInternal(Ljavax/servlet/http/HttpServletRequest;Ljavax/servlet/http/HttpServletResponse;Ljavax/servlet/FilterChain;)V+42
j  org.springframework.web.filter.OncePerRequestFilter.doFilter(Ljavax/servlet/ServletRequest;Ljavax/servlet/ServletResponse;Ljavax/servlet/FilterChain;)V+111
j  org.springframework.security.web.FilterChainProxy$VirtualFilterChain.doFilter(Ljavax/servlet/ServletRequest;Ljavax/servlet/ServletResponse;)V+192
j  org.springframework.security.web.FilterChainProxy.doFilterInternal(Ljavax/servlet/ServletRequest;Ljavax/servlet/ServletResponse;Ljavax/servlet/FilterChain;)V+142
j  org.springframework.security.web.FilterChainProxy.doFilter(Ljavax/servlet/ServletRequest;Ljavax/servlet/ServletResponse;Ljavax/servlet/FilterChain;)V+40
j  org.springframework.web.filter.DelegatingFilterProxy.invokeDelegate(Ljavax/servlet/Filter;Ljavax/servlet/ServletRequest;Ljavax/servlet/ServletResponse;Ljavax/servlet/FilterChain;)V+5
j  org.springframework.web.filter.DelegatingFilterProxy.doFilter(Ljavax/servlet/ServletRequest;Ljavax/servlet/ServletResponse;Ljavax/servlet/FilterChain;)V+83
j  org.apache.catalina.core.ApplicationFilterChain.internalDoFilter(Ljavax/servlet/ServletRequest;Ljavax/servlet/ServletResponse;)V+135
j  org.apache.catalina.core.ApplicationFilterChain.doFilter(Ljavax/servlet/ServletRequest;Ljavax/servlet/ServletResponse;)V+101
j  org.springframework.web.filter.CharacterEncodingFilter.doFilterInternal(Ljavax/servlet/http/HttpServletRequest;Ljavax/servlet/http/HttpServletResponse;Ljavax/servlet/FilterChain;)V+53
j  org.springframework.web.filter.OncePerRequestFilter.doFilter(Ljavax/servlet/ServletRequest;Ljavax/servlet/ServletResponse;Ljavax/servlet/FilterChain;)V+111
j  org.apache.catalina.core.ApplicationFilterChain.internalDoFilter(Ljavax/servlet/ServletRequest;Ljavax/servlet/ServletResponse;)V+135
j  org.apache.catalina.core.ApplicationFilterChain.doFilter(Ljavax/servlet/ServletRequest;Ljavax/servlet/ServletResponse;)V+101
j  org.apache.catalina.core.StandardWrapperValve.invoke(Lorg/apache/catalina/connector/Request;Lorg/apache/catalina/connector/Response;)V+688
j  org.apache.catalina.core.StandardContextValve.invoke(Lorg/apache/catalina/connector/Request;Lorg/apache/catalina/connector/Response;)V+166
j  org.apache.catalina.authenticator.AuthenticatorBase.invoke(Lorg/apache/catalina/connector/Request;Lorg/apache/catalina/connector/Response;)V+272
j  org.apache.catalina.core.StandardHostValve.invoke(Lorg/apache/catalina/connector/Request;Lorg/apache/catalina/connector/Response;)V+138
j  org.apache.catalina.valves.ErrorReportValve.invoke(Lorg/apache/catalina/connector/Request;Lorg/apache/catalina/connector/Response;)V+6
j  org.apache.catalina.core.StandardEngineValve.invoke(Lorg/apache/catalina/connector/Request;Lorg/apache/catalina/connector/Response;)V+71
j  org.apache.catalina.connector.CoyoteAdapter.service(Lorg/apache/coyote/Request;Lorg/apache/coyote/Response;)V+199
j  org.apache.coyote.http11.Http11Processor.service(Lorg/apache/tomcat/util/net/SocketWrapperBase;)Lorg/apache/tomcat/util/net/AbstractEndpoint$Handler$SocketState;+806
j  org.apache.coyote.AbstractProcessorLight.process(Lorg/apache/tomcat/util/net/SocketWrapperBase;Lorg/apache/tomcat/util/net/SocketEvent;)Lorg/apache/tomcat/util/net/AbstractEndpoint$Handler$SocketState;+113
j  org.apache.coyote.AbstractProtocol$ConnectionHandler.process(Lorg/apache/tomcat/util/net/SocketWrapperBase;Lorg/apache/tomcat/util/net/SocketEvent;)Lorg/apache/tomcat/util/net/AbstractEndpoint$Handler$SocketState;+378
j  org.apache.tomcat.util.net.NioEndpoint$SocketProcessor.doRun()V+191
j  org.apache.tomcat.util.net.SocketProcessorBase.run()V+21
j  java.util.concurrent.ThreadPoolExecutor.runWorker(Ljava/util/concurrent/ThreadPoolExecutor$Worker;)V+95
j  java.util.concurrent.ThreadPoolExecutor$Worker.run()V+5
j  org.apache.tomcat.util.threads.TaskThread$WrappingRunnable.run()V+4
j  java.lang.Thread.run()V+11
v  ~StubRoutines::call_stub

---------------  P R O C E S S  ---------------

Java Threads: ( => current thread )
  0x000000001c4ac000 JavaThread "Thread-12" [_thread_blocked, id=23884, stack(0x0000000022780000,0x0000000022880000)]
  0x000000001c4aa800 JavaThread "http-nio-8080-AsyncTimeout" daemon [_thread_blocked, id=16740, stack(0x0000000022680000,0x0000000022780000)]
  0x000000001c4af000 JavaThread "http-nio-8080-Acceptor-0" daemon [_thread_blocked, id=8824, stack(0x0000000022580000,0x0000000022680000)]
  0x000000001e309000 JavaThread "DestroyJavaVM" [_thread_blocked, id=15000, stack(0x0000000002e00000,0x0000000002f00000)]
  0x000000001c4b0800 JavaThread "http-nio-8080-exec-6" daemon [_thread_blocked, id=20640, stack(0x0000000020180000,0x0000000020280000)]
  0x000000001c4ac800 JavaThread "Live Reload Server" daemon [_thread_in_native, id=12088, stack(0x000000001f880000,0x000000001f980000)]
  0x000000001c4ab000 JavaThread "MySQL Statement Cancellation Timer" daemon [_thread_blocked, id=15504, stack(0x000000001d7b0000,0x000000001d8b0000)]
  0x000000001a322000 JavaThread "RMI TCP Accept-0" daemon [_thread_in_native, id=22780, stack(0x000000001aaa0000,0x000000001aba0000)]
  0x000000001a31a800 JavaThread "RMI TCP Accept-49269" daemon [_thread_in_native, id=16832, stack(0x000000001a9a0000,0x000000001aaa0000)]
  0x000000001a30f000 JavaThread "RMI TCP Accept-0" daemon [_thread_in_native, id=27104, stack(0x000000001a8a0000,0x000000001a9a0000)]
  0x0000000017c6e800 JavaThread "Service Thread" daemon [_thread_blocked, id=23560, stack(0x0000000019fa0000,0x000000001a0a0000)]
  0x0000000017c45800 JavaThread "C1 CompilerThread2" daemon [_thread_blocked, id=17608, stack(0x0000000019aa0000,0x0000000019ba0000)]
  0x0000000017c45000 JavaThread "C2 CompilerThread1" daemon [_thread_blocked, id=11356, stack(0x00000000199a0000,0x0000000019aa0000)]
  0x0000000017c42000 JavaThread "C2 CompilerThread0" daemon [_thread_blocked, id=27096, stack(0x00000000198a0000,0x00000000199a0000)]
  0x0000000017c32000 JavaThread "JDWP Command Reader" daemon [_thread_blocked, id=7048, stack(0x00000000197a0000,0x00000000198a0000)]
  0x0000000017c30800 JavaThread "JDWP Event Helper Thread" daemon [_thread_blocked, id=2768, stack(0x00000000196a0000,0x00000000197a0000)]
  0x0000000017c23000 JavaThread "JDWP Transport Listener: dt_socket" daemon [_thread_blocked, id=1140, stack(0x00000000195a0000,0x00000000196a0000)]
  0x0000000017c1a000 JavaThread "Attach Listener" daemon [_thread_blocked, id=21400, stack(0x0000000019160000,0x0000000019260000)]
  0x0000000017c19000 JavaThread "Signal Dispatcher" daemon [_thread_blocked, id=23600, stack(0x0000000019060000,0x0000000019160000)]
  0x0000000017bfc800 JavaThread "Finalizer" daemon [_thread_blocked, id=20060, stack(0x0000000018e60000,0x0000000018f60000)]
  0x00000000030b6000 JavaThread "Reference Handler" daemon [_thread_blocked, id=22648, stack(0x0000000018d60000,0x0000000018e60000)]

Other Threads:
  0x0000000017bd8000 VMThread [stack: 0x0000000018c60000,0x0000000018d60000] [id=16080]
  0x000000001a323800 WatcherThread [stack: 0x000000001aba0000,0x000000001aca0000] [id=932]

=>0x0000000002fdd800 (exited) GCTaskThread [stack: 0x0000000012b30000,0x0000000012c30000] [id=27024]

VM state:at safepoint (normal execution)

VM Mutex/Monitor currently owned by a thread:  ([mutex/lock_event])
[0x0000000002fc4ee0] Threads_lock - owner thread: 0x0000000017bd8000
[0x0000000002fc5660] Heap_lock - owner thread: 0x000000001c4ac000

Heap:
 PSYoungGen      total 302080K, used 277889K [0x00000000d5d80000, 0x00000000ea680000, 0x0000000100000000)
  eden space 294400K, 94% used [0x00000000d5d80000,0x00000000e6ce07c0,0x00000000e7d00000)
  from space 7680K, 0% used [0x00000000e9000000,0x00000000e9000000,0x00000000e9780000)
  to   space 15360K, 18% used [0x00000000e9780000,0x00000000e9a54de0,0x00000000ea680000)
 ParOldGen       total 88576K, used 34229K [0x0000000081800000, 0x0000000086e80000, 0x00000000d5d80000)
  object space 88576K, 38% used [0x0000000081800000,0x000000008396d7e0,0x0000000086e80000)
 Metaspace       used 49869K, capacity 50714K, committed 51032K, reserved 1093632K
  class space    used 6434K, capacity 6662K, committed 6784K, reserved 1048576K

Card table byte_map: [0x0000000012480000,0x0000000012880000] byte_map_base: 0x0000000012074000

Marking Bits: (ParMarkBitMap*) 0x000000006f982d00
 Begin Bits: [0x0000000012f30000, 0x0000000014ed0000)
 End Bits:   [0x0000000014ed0000, 0x0000000016e70000)

Polling page: 0x0000000000bf0000

CodeCache: size=245760Kb used=12639Kb max_used=12639Kb free=233120Kb
 bounds [0x00000000030c0000, 0x0000000003d20000, 0x00000000120c0000]
 total_blobs=6396 nmethods=5620 adapters=695
 compilation: enabled

Compilation events (10 events):
Event: 246.975 Thread 0x0000000017c45800 5713       1       java.io.ObjectStreamClass$WeakClassKey::hashCode (5 bytes)
Event: 246.975 Thread 0x0000000017c45800 nmethod 5713 0x0000000003d19990 code [0x0000000003d19ae0, 0x0000000003d19bf0]
Event: 246.981 Thread 0x0000000017c45800 5716       1       javax.management.ObjectName$Property::<init> (20 bytes)
Event: 246.982 Thread 0x0000000017c45800 nmethod 5716 0x0000000003d19fd0 code [0x0000000003d1a120, 0x0000000003d1a230]
Event: 246.982 Thread 0x0000000017c45800 5718       1       javax.management.ObjectName::getCanonicalKeyPropertyListString (44 bytes)
Event: 246.983 Thread 0x0000000017c45800 nmethod 5718 0x0000000003d1a290 code [0x0000000003d1a400, 0x0000000003d1a5a8]
Event: 246.983 Thread 0x0000000017c45800 5719       1       org.apache.catalina.ContainerEvent::getType (5 bytes)
Event: 246.983 Thread 0x0000000017c45800 nmethod 5719 0x0000000003d1a690 code [0x0000000003d1a7e0, 0x0000000003d1a8f0]
Event: 246.983 Thread 0x0000000017c45800 5717       1       javax.management.ObjectName::addProperty (98 bytes)
Event: 246.984 Thread 0x0000000017c45800 nmethod 5717 0x0000000003d1a950 code [0x0000000003d1ab40, 0x0000000003d1b1b8]

GC Heap History (10 events):
Event: 7.861 GC heap after
Heap after GC invocations=10 (full 1):
 PSYoungGen      total 235520K, used 13992K [0x00000000d5d80000, 0x00000000eb700000, 0x0000000100000000)
  eden space 219648K, 0% used [0x00000000d5d80000,0x00000000d5d80000,0x00000000e3400000)
  from space 15872K, 88% used [0x00000000e3400000,0x00000000e41aa330,0x00000000e4380000)
  to   space 17408K, 0% used [0x00000000ea600000,0x00000000ea600000,0x00000000eb700000)
 ParOldGen       total 57344K, used 17425K [0x0000000081800000, 0x0000000085000000, 0x00000000d5d80000)
  object space 57344K, 30% used [0x0000000081800000,0x0000000082904470,0x0000000085000000)
 Metaspace       used 34755K, capacity 35156K, committed 35416K, reserved 1079296K
  class space    used 4524K, capacity 4653K, committed 4736K, reserved 1048576K
}
Event: 7.861 GC heap before
{Heap before GC invocations=11 (full 2):
 PSYoungGen      total 235520K, used 13992K [0x00000000d5d80000, 0x00000000eb700000, 0x0000000100000000)
  eden space 219648K, 0% used [0x00000000d5d80000,0x00000000d5d80000,0x00000000e3400000)
  from space 15872K, 88% used [0x00000000e3400000,0x00000000e41aa330,0x00000000e4380000)
  to   space 17408K, 0% used [0x00000000ea600000,0x00000000ea600000,0x00000000eb700000)
 ParOldGen       total 57344K, used 17425K [0x0000000081800000, 0x0000000085000000, 0x00000000d5d80000)
  object space 57344K, 30% used [0x0000000081800000,0x0000000082904470,0x0000000085000000)
 Metaspace       used 34755K, capacity 35156K, committed 35416K, reserved 1079296K
  class space    used 4524K, capacity 4653K, committed 4736K, reserved 1048576K
Event: 7.906 GC heap after
Heap after GC invocations=11 (full 2):
 PSYoungGen      total 235520K, used 0K [0x00000000d5d80000, 0x00000000eb700000, 0x0000000100000000)
  eden space 219648K, 0% used [0x00000000d5d80000,0x00000000d5d80000,0x00000000e3400000)
  from space 15872K, 0% used [0x00000000e3400000,0x00000000e3400000,0x00000000e4380000)
  to   space 17408K, 0% used [0x00000000ea600000,0x00000000ea600000,0x00000000eb700000)
 ParOldGen       total 88576K, used 22341K [0x0000000081800000, 0x0000000086e80000, 0x00000000d5d80000)
  object space 88576K, 25% used [0x0000000081800000,0x0000000082dd14f8,0x0000000086e80000)
 Metaspace       used 34755K, capacity 35156K, committed 35416K, reserved 1079296K
  class space    used 4524K, capacity 4653K, committed 4736K, reserved 1048576K
}
Event: 10.133 GC heap before
{Heap before GC invocations=12 (full 2):
 PSYoungGen      total 235520K, used 219648K [0x00000000d5d80000, 0x00000000eb700000, 0x0000000100000000)
  eden space 219648K, 100% used [0x00000000d5d80000,0x00000000e3400000,0x00000000e3400000)
  from space 15872K, 0% used [0x00000000e3400000,0x00000000e3400000,0x00000000e4380000)
  to   space 17408K, 0% used [0x00000000ea600000,0x00000000ea600000,0x00000000eb700000)
 ParOldGen       total 88576K, used 22341K [0x0000000081800000, 0x0000000086e80000, 0x00000000d5d80000)
  object space 88576K, 25% used [0x0000000081800000,0x0000000082dd14f8,0x0000000086e80000)
 Metaspace       used 44315K, capacity 44910K, committed 45144K, reserved 1089536K
  class space    used 5816K, capacity 5980K, committed 6016K, reserved 1048576K
Event: 10.148 GC heap after
Heap after GC invocations=12 (full 2):
 PSYoungGen      total 311808K, used 17396K [0x00000000d5d80000, 0x00000000eb700000, 0x0000000100000000)
  eden space 294400K, 0% used [0x00000000d5d80000,0x00000000d5d80000,0x00000000e7d00000)
  from space 17408K, 99% used [0x00000000ea600000,0x00000000eb6fd2a0,0x00000000eb700000)
  to   space 19968K, 0% used [0x00000000e9000000,0x00000000e9000000,0x00000000ea380000)
 ParOldGen       total 88576K, used 24121K [0x0000000081800000, 0x0000000086e80000, 0x00000000d5d80000)
  object space 88576K, 27% used [0x0000000081800000,0x0000000082f8e640,0x0000000086e80000)
 Metaspace       used 44315K, capacity 44910K, committed 45144K, reserved 1089536K
  class space    used 5816K, capacity 5980K, committed 6016K, reserved 1048576K
}
Event: 203.431 GC heap before
{Heap before GC invocations=13 (full 2):
 PSYoungGen      total 311808K, used 200365K [0x00000000d5d80000, 0x00000000eb700000, 0x0000000100000000)
  eden space 294400K, 62% used [0x00000000d5d80000,0x00000000e102e268,0x00000000e7d00000)
  from space 17408K, 99% used [0x00000000ea600000,0x00000000eb6fd2a0,0x00000000eb700000)
  to   space 19968K, 0% used [0x00000000e9000000,0x00000000e9000000,0x00000000ea380000)
 ParOldGen       total 88576K, used 24121K [0x0000000081800000, 0x0000000086e80000, 0x00000000d5d80000)
  object space 88576K, 27% used [0x0000000081800000,0x0000000082f8e640,0x0000000086e80000)
 Metaspace       used 49104K, capacity 49752K, committed 50136K, reserved 1093632K
  class space    used 6366K, capacity 6548K, committed 6656K, reserved 1048576K
Event: 203.445 GC heap after
Heap after GC invocations=13 (full 2):
 PSYoungGen      total 302080K, used 7286K [0x00000000d5d80000, 0x00000000ea680000, 0x0000000100000000)
  eden space 294400K, 0% used [0x00000000d5d80000,0x00000000d5d80000,0x00000000e7d00000)
  from space 7680K, 94% used [0x00000000e9000000,0x00000000e971d9e8,0x00000000e9780000)
  to   space 15360K, 0% used [0x00000000e9780000,0x00000000e9780000,0x00000000ea680000)
 ParOldGen       total 88576K, used 34195K [0x0000000081800000, 0x0000000086e80000, 0x00000000d5d80000)
  object space 88576K, 38% used [0x0000000081800000,0x0000000083964fd0,0x0000000086e80000)
 Metaspace       used 49104K, capacity 49752K, committed 50136K, reserved 1093632K
  class space    used 6366K, capacity 6548K, committed 6656K, reserved 1048576K
}
Event: 203.445 GC heap before
{Heap before GC invocations=14 (full 3):
 PSYoungGen      total 302080K, used 7286K [0x00000000d5d80000, 0x00000000ea680000, 0x0000000100000000)
  eden space 294400K, 0% used [0x00000000d5d80000,0x00000000d5d80000,0x00000000e7d00000)
  from space 7680K, 94% used [0x00000000e9000000,0x00000000e971d9e8,0x00000000e9780000)
  to   space 15360K, 0% used [0x00000000e9780000,0x00000000e9780000,0x00000000ea680000)
 ParOldGen       total 88576K, used 34195K [0x0000000081800000, 0x0000000086e80000, 0x00000000d5d80000)
  object space 88576K, 38% used [0x0000000081800000,0x0000000083964fd0,0x0000000086e80000)
 Metaspace       used 49104K, capacity 49752K, committed 50136K, reserved 1093632K
  class space    used 6366K, capacity 6548K, committed 6656K, reserved 1048576K
Event: 203.584 GC heap after
Heap after GC invocations=14 (full 3):
 PSYoungGen      total 302080K, used 0K [0x00000000d5d80000, 0x00000000ea680000, 0x0000000100000000)
  eden space 294400K, 0% used [0x00000000d5d80000,0x00000000d5d80000,0x00000000e7d00000)
  from space 7680K, 0% used [0x00000000e9000000,0x00000000e9000000,0x00000000e9780000)
  to   space 15360K, 0% used [0x00000000e9780000,0x00000000e9780000,0x00000000ea680000)
 ParOldGen       total 88576K, used 34221K [0x0000000081800000, 0x0000000086e80000, 0x00000000d5d80000)
  object space 88576K, 38% used [0x0000000081800000,0x000000008396b7e0,0x0000000086e80000)
 Metaspace       used 49104K, capacity 49752K, committed 50136K, reserved 1093632K
  class space    used 6366K, capacity 6548K, committed 6656K, reserved 1048576K
}
Event: 246.987 GC heap before
{Heap before GC invocations=15 (full 3):
 PSYoungGen      total 302080K, used 277889K [0x00000000d5d80000, 0x00000000ea680000, 0x0000000100000000)
  eden space 294400K, 94% used [0x00000000d5d80000,0x00000000e6ce07c0,0x00000000e7d00000)
  from space 7680K, 0% used [0x00000000e9000000,0x00000000e9000000,0x00000000e9780000)
  to   space 15360K, 0% used [0x00000000e9780000,0x00000000e9780000,0x00000000ea680000)
 ParOldGen       total 88576K, used 34221K [0x0000000081800000, 0x0000000086e80000, 0x00000000d5d80000)
  object space 88576K, 38% used [0x0000000081800000,0x000000008396b7e0,0x0000000086e80000)
 Metaspace       used 49869K, capacity 50714K, committed 51032K, reserved 1093632K
  class space    used 6434K, capacity 6662K, committed 6784K, reserved 1048576K

Deoptimization events (0 events):
No events

Classes redefined (3 events):
Event: 200.170 Thread 0x0000000017bd8000 redefined class name=controllers.GreetingController, count=1
Event: 245.987 Thread 0x0000000017bd8000 redefined class name=controllers.GreetingController, count=2
Event: 246.005 Thread 0x0000000017bd8000 redefined class name=controllers.GreetingController, count=1

Internal exceptions (10 events):
Event: 205.269 Thread 0x000000001e306000 Exception <a 'java/lang/ArrayIndexOutOfBoundsException'> (0x00000000e31978e8) thrown at [C:\re\workspace\8-2-build-windows-amd64-cygwin\jdk8u181\11358\hotspot\src\share\vm\runtime\sharedRuntime.cpp, line 605]
Event: 205.272 Thread 0x000000001e306000 Exception <a 'java/lang/ArrayIndexOutOfBoundsException'> (0x00000000e31f8780) thrown at [C:\re\workspace\8-2-build-windows-amd64-cygwin\jdk8u181\11358\hotspot\src\share\vm\runtime\sharedRuntime.cpp, line 605]
Event: 205.292 Thread 0x000000001e306000 Exception <a 'java/lang/ArrayIndexOutOfBoundsException'> (0x00000000e338fd68) thrown at [C:\re\workspace\8-2-build-windows-amd64-cygwin\jdk8u181\11358\hotspot\src\share\vm\runtime\sharedRuntime.cpp, line 605]
Event: 205.300 Thread 0x000000001e306000 Exception <a 'java/lang/ArrayIndexOutOfBoundsException'> (0x00000000e352f170) thrown at [C:\re\workspace\8-2-build-windows-amd64-cygwin\jdk8u181\11358\hotspot\src\share\vm\runtime\sharedRuntime.cpp, line 605]
Event: 205.319 Thread 0x000000001e306000 Exception <a 'java/lang/ArrayIndexOutOfBoundsException'> (0x00000000e36fc3a8) thrown at [C:\re\workspace\8-2-build-windows-amd64-cygwin\jdk8u181\11358\hotspot\src\share\vm\runtime\sharedRuntime.cpp, line 605]
Event: 205.389 Thread 0x000000001e306000 Exception <a 'java/lang/ArrayIndexOutOfBoundsException'> (0x00000000e3aeb6e0) thrown at [C:\re\workspace\8-2-build-windows-amd64-cygwin\jdk8u181\11358\hotspot\src\share\vm\runtime\sharedRuntime.cpp, line 605]
Event: 205.389 Thread 0x000000001e306000 Exception <a 'java/lang/ArrayIndexOutOfBoundsException'> (0x00000000e3aeea68) thrown at [C:\re\workspace\8-2-build-windows-amd64-cygwin\jdk8u181\11358\hotspot\src\share\vm\runtime\sharedRuntime.cpp, line 605]
Event: 205.389 Thread 0x000000001e306000 Exception <a 'java/lang/ArrayIndexOutOfBoundsException'> (0x00000000e3af0cd0) thrown at [C:\re\workspace\8-2-build-windows-amd64-cygwin\jdk8u181\11358\hotspot\src\share\vm\runtime\sharedRuntime.cpp, line 605]
Event: 246.970 Thread 0x000000001e306800 Exception <a 'java/lang/InterruptedException': sleep interrupted> (0x00000000deb124e0) thrown at [C:\re\workspace\8-2-build-windows-amd64-cygwin\jdk8u181\11358\hotspot\src\share\vm\prims\jvm.cpp, line 3273]
Event: 246.986 Thread 0x000000001e302000 Exception <a 'java/lang/InterruptedException': sleep interrupted> (0x00000000e6b707f8) thrown at [C:\re\workspace\8-2-build-windows-amd64-cygwin\jdk8u181\11358\hotspot\src\share\vm\prims\jvm.cpp, line 3273]

Events (10 events):
Event: 246.986 Executing VM operation: RevokeBias
Event: 246.986 Executing VM operation: RevokeBias done
Event: 246.986 Thread 0x000000001e302000 Thread exited: 0x000000001e302000
Event: 246.986 Executing VM operation: RevokeBias
Event: 246.986 Executing VM operation: RevokeBias done
Event: 246.987 Executing VM operation: RevokeBias
Event: 246.987 Executing VM operation: RevokeBias done
Event: 246.987 Thread 0x000000001c4af800 Thread exited: 0x000000001c4af800
Event: 246.987 Thread 0x000000001c4ae000 Thread exited: 0x000000001c4ae000
Event: 246.987 Executing VM operation: ParallelGCSystemGC


Dynamic libraries:
0x00007ff63e270000 - 0x00007ff63e2a7000 	C:\Program Files\Java\jre1.8.0_181\bin\javaw.exe
0x00007ffd1c590000 - 0x00007ffd1c771000 	C:\WINDOWS\SYSTEM32\ntdll.dll
0x00007ffd1bbb0000 - 0x00007ffd1bc62000 	C:\WINDOWS\System32\KERNEL32.DLL
0x00007ffd18b50000 - 0x00007ffd18dc3000 	C:\WINDOWS\System32\KERNELBASE.dll
0x00007ffd1bde0000 - 0x00007ffd1be81000 	C:\WINDOWS\System32\ADVAPI32.dll
0x00007ffd1be90000 - 0x00007ffd1bf2e000 	C:\WINDOWS\System32\msvcrt.dll
0x00007ffd1bf70000 - 0x00007ffd1bfcb000 	C:\WINDOWS\System32\sechost.dll
0x00007ffd1b810000 - 0x00007ffd1b934000 	C:\WINDOWS\System32\RPCRT4.dll
0x00007ffd1c080000 - 0x00007ffd1c210000 	C:\WINDOWS\System32\USER32.dll
0x00007ffd198b0000 - 0x00007ffd198d0000 	C:\WINDOWS\System32\win32u.dll
0x00007ffd1b170000 - 0x00007ffd1b198000 	C:\WINDOWS\System32\GDI32.dll
0x00007ffd18e20000 - 0x00007ffd18fb2000 	C:\WINDOWS\System32\gdi32full.dll
0x00007ffd198d0000 - 0x00007ffd1996f000 	C:\WINDOWS\System32\msvcp_win.dll
0x00007ffd18fc0000 - 0x00007ffd190ba000 	C:\WINDOWS\System32\ucrtbase.dll
0x00007ffd12410000 - 0x00007ffd12679000 	C:\WINDOWS\WinSxS\amd64_microsoft.windows.common-controls_6595b64144ccf1df_6.0.17134.228_none_fb4599993062b194\COMCTL32.dll
0x00007ffd1c230000 - 0x00007ffd1c553000 	C:\WINDOWS\System32\combase.dll
0x00007ffd197d0000 - 0x00007ffd1984a000 	C:\WINDOWS\System32\bcryptPrimitives.dll
0x00007ffd1bf40000 - 0x00007ffd1bf6d000 	C:\WINDOWS\System32\IMM32.DLL
0x0000000070fc0000 - 0x0000000071092000 	C:\Program Files\Java\jre1.8.0_181\bin\msvcr100.dll
0x000000006f160000 - 0x000000006fa02000 	C:\Program Files\Java\jre1.8.0_181\bin\server\jvm.dll
0x00007ffd1c210000 - 0x00007ffd1c218000 	C:\WINDOWS\System32\PSAPI.DLL
0x00007ffd12310000 - 0x00007ffd12319000 	C:\WINDOWS\SYSTEM32\WSOCK32.dll
0x00007ffd0f270000 - 0x00007ffd0f293000 	C:\WINDOWS\SYSTEM32\WINMM.dll
0x00007ffd14660000 - 0x00007ffd1466a000 	C:\WINDOWS\SYSTEM32\VERSION.dll
0x00007ffd1bb40000 - 0x00007ffd1bbac000 	C:\WINDOWS\System32\WS2_32.dll
0x00007ffd0e7c0000 - 0x00007ffd0e7ea000 	C:\WINDOWS\SYSTEM32\WINMMBASE.dll
0x00007ffd18dd0000 - 0x00007ffd18e19000 	C:\WINDOWS\System32\cfgmgr32.dll
0x0000000071180000 - 0x000000007118f000 	C:\Program Files\Java\jre1.8.0_181\bin\verify.dll
0x0000000071150000 - 0x0000000071179000 	C:\Program Files\Java\jre1.8.0_181\bin\java.dll
0x0000000070f80000 - 0x0000000070fb5000 	C:\Program Files\Java\jre1.8.0_181\bin\jdwp.dll
0x0000000070f70000 - 0x0000000070f78000 	C:\Program Files\Java\jre1.8.0_181\bin\npt.dll
0x0000000071130000 - 0x0000000071146000 	C:\Program Files\Java\jre1.8.0_181\bin\zip.dll
0x00007ffd19b80000 - 0x00007ffd1afc0000 	C:\WINDOWS\System32\SHELL32.dll
0x00007ffd1bfd0000 - 0x00007ffd1c079000 	C:\WINDOWS\System32\shcore.dll
0x00007ffd190c0000 - 0x00007ffd197cd000 	C:\WINDOWS\System32\windows.storage.dll
0x00007ffd1b0b0000 - 0x00007ffd1b101000 	C:\WINDOWS\System32\shlwapi.dll
0x00007ffd18940000 - 0x00007ffd18951000 	C:\WINDOWS\System32\kernel.appcore.dll
0x00007ffd188b0000 - 0x00007ffd188cf000 	C:\WINDOWS\System32\profapi.dll
0x00007ffd188f0000 - 0x00007ffd1893c000 	C:\WINDOWS\System32\powrprof.dll
0x00007ffd188a0000 - 0x00007ffd188aa000 	C:\WINDOWS\System32\FLTLIB.DLL
0x0000000070220000 - 0x0000000070229000 	C:\Program Files\Java\jre1.8.0_181\bin\dt_socket.dll
0x00007ffd0ec00000 - 0x00007ffd0ec16000 	C:\WINDOWS\system32\napinsp.dll
0x00007ffd0ebe0000 - 0x00007ffd0ebfa000 	C:\WINDOWS\system32\pnrpnsp.dll
0x00007ffd14390000 - 0x00007ffd143a9000 	C:\WINDOWS\system32\NLAapi.dll
0x00007ffd180c0000 - 0x00007ffd18126000 	C:\WINDOWS\System32\mswsock.dll
0x00007ffd17e80000 - 0x00007ffd17f3e000 	C:\WINDOWS\SYSTEM32\DNSAPI.dll
0x00007ffd1c220000 - 0x00007ffd1c228000 	C:\WINDOWS\System32\NSI.dll
0x00007ffd17e40000 - 0x00007ffd17e78000 	C:\WINDOWS\SYSTEM32\IPHLPAPI.DLL
0x00007ffd0ebd0000 - 0x00007ffd0ebde000 	C:\WINDOWS\System32\winrnr.dll
0x00007ffd12a30000 - 0x00007ffd12aa2000 	C:\WINDOWS\System32\fwpuclnt.dll
0x00007ffd183a0000 - 0x00007ffd183c5000 	C:\WINDOWS\SYSTEM32\bcrypt.dll
0x00007ffd11bf0000 - 0x00007ffd11bfa000 	C:\Windows\System32\rasadhlp.dll
0x00000000710a0000 - 0x00000000710ad000 	C:\Program Files\Java\jre1.8.0_181\bin\management.dll
0x0000000071110000 - 0x000000007112a000 	C:\Program Files\Java\jre1.8.0_181\bin\net.dll
0x00000000710f0000 - 0x0000000071101000 	C:\Program Files\Java\jre1.8.0_181\bin\nio.dll
0x00007ffd18280000 - 0x00007ffd18297000 	C:\WINDOWS\SYSTEM32\CRYPTSP.dll
0x00007ffd17ca0000 - 0x00007ffd17cd3000 	C:\WINDOWS\system32\rsaenh.dll
0x00007ffd187a0000 - 0x00007ffd187c8000 	C:\WINDOWS\SYSTEM32\USERENV.dll
0x00007ffd18270000 - 0x00007ffd1827b000 	C:\WINDOWS\SYSTEM32\CRYPTBASE.dll
0x00007ffd12680000 - 0x00007ffd12696000 	C:\WINDOWS\SYSTEM32\dhcpcsvc6.DLL
0x00007ffd121c0000 - 0x00007ffd121da000 	C:\WINDOWS\SYSTEM32\dhcpcsvc.DLL
0x00007ffd12ab0000 - 0x00007ffd12c79000 	C:\WINDOWS\SYSTEM32\dbghelp.dll

VM Arguments:
jvm_args: -agentlib:jdwp=transport=dt_socket,suspend=y,address=localhost:49270 -Dcom.sun.management.jmxremote -Dcom.sun.management.jmxremote.port=49269 -Dcom.sun.management.jmxremote.authenticate=false -Dcom.sun.management.jmxremote.ssl=false -Djava.rmi.server.hostname=localhost -Dspring.liveBeansView.mbeanDomain -Dspring.application.admin.enabled=true -Xverify:none -XX:TieredStopAtLevel=1 -Dfile.encoding=UTF-8 
java_command: controllers.Application --spring.output.ansi.enabled=always
java_class_path (initial): C:\Program Files\Java\jre1.8.0_181\lib\resources.jar;C:\Program Files\Java\jre1.8.0_181\lib\rt.jar;C:\Program Files\Java\jre1.8.0_181\lib\jsse.jar;C:\Program Files\Java\jre1.8.0_181\lib\jce.jar;C:\Program Files\Java\jre1.8.0_181\lib\charsets.jar;C:\Program Files\Java\jre1.8.0_181\lib\jfr.jar;C:\Program Files\Java\jre1.8.0_181\lib\ext\access-bridge-64.jar;C:\Program Files\Java\jre1.8.0_181\lib\ext\cldrdata.jar;C:\Program Files\Java\jre1.8.0_181\lib\ext\dnsns.jar;C:\Program Files\Java\jre1.8.0_181\lib\ext\jaccess.jar;C:\Program Files\Java\jre1.8.0_181\lib\ext\jfxrt.jar;C:\Program Files\Java\jre1.8.0_181\lib\ext\localedata.jar;C:\Program Files\Java\jre1.8.0_181\lib\ext\nashorn.jar;C:\Program Files\Java\jre1.8.0_181\lib\ext\sunec.jar;C:\Program Files\Java\jre1.8.0_181\lib\ext\sunjce_provider.jar;C:\Program Files\Java\jre1.8.0_181\lib\ext\sunmscapi.jar;C:\Program Files\Java\jre1.8.0_181\lib\ext\sunpkcs11.jar;C:\Program Files\Java\jre1.8.0_181\lib\ext\zipfs.jar;C:\Users\megroup9gmail.com\git\site-\telephone_system\target\classes;C:\Users\megroup9gmail.com\.m2\repository\org\springframework\boot\spring-boot-starter-security\1.5.7.RELEASE\spring-boot-starter-security-1.5.7.RELEASE.jar;C:\Users\megroup9gmail.com\.m2\repository\org\springframework\boot\spring-boot-starter\1.5.7.RELEASE\spring-boot-starter-1.5.7.RELEASE.jar;C:\Users\megroup9gmail.com\.m2\repository\org\springframework\boot\spring-boot-starter-logging\1.5.7.RELEASE\spring-boot-starter-logging-1.5.7.RELEASE.jar;C:\Users\megroup9gmail.com\.m2\repository\ch\qos\logback\logback-classic\1.1.11\logback-classic-1.1.11.jar;C:\Users\megroup9gmail.com\.m2\repository\ch\qos\logback\logback-core\1.1.11\logback-core-1.1.11.jar;C:\Users\megroup9gmail.com\.m2\repository\org\slf4j\jul-to-slf4j\1.7.25\jul-to-slf4j-1.7.25.jar;C:\Users\megroup9gmail.com\.m2\repository\org\slf4j\log4j-over-slf4j\1.7.25\log4j-over-slf4j-1.7.25.jar;C:\Users\megroup9gmail.com\.m2\repository\org\yaml\snakeyaml\1.17\snakeya
Launcher Type: SUN_STANDARD

Environment Variables:
PATH=C:/Program Files/Java/jre1.8.0_181/bin/server;C:/Program Files/Java/jre1.8.0_181/bin;C:/Program Files/Java/jre1.8.0_181/lib/amd64;C:\Program Files (x86)\Common Files\Oracle\Java\javapath;C:\Program Files\NVIDIA GPU Computing Toolkit\CUDA\v9.0\bin;C:\Program Files\NVIDIA GPU Computing Toolkit\CUDA\v9.0\libnvvp;C:\Program Files\Microsoft MPI\Bin\;C:\ProgramData\Oracle\Java\javapath;C:\WINDOWS\system32;C:\WINDOWS;C:\WINDOWS\System32\Wbem;C:\WINDOWS\System32\WindowsPowerShell\v1.0\;C:\Users\admin\.dnx\bin;C:\Program Files\Microsoft DNX\Dnvm\;C:\Program Files\Microsoft SQL Server\120\Tools\Binn\;C:\Program Files\Microsoft SQL Server\130\Tools\Binn\;C:\Program Files\Microsoft\Web Platform Installer\;C:\Program Files (x86)\Microsoft ASP.NET\ASP.NET Web Pages\v1.0\;C:\Program Files\Microsoft SQL Server\110\Tools\Binn\;C:\Program Files (x86)\nodejs\;C:\Program Files (x86)\Microsoft SQL Server\130\Tools\Binn\;C:\Program Files (x86)\Microsoft SQL Server\130\DTS\Binn\;C:\Program Files\Microsoft SQL Server\130\DTS\Binn\;C:\Program Files\Microsoft SQL Server\Client SDK\ODBC\130\Tools\Binn\;C:\Program Files (x86)\Microsoft SQL Server\Client SDK\ODBC\130\Tools\Binn\;C:\Program Files (x86)\Microsoft SQL Server\130\Tools\Binn\ManagementStudio\;C:\Program Files (x86)\NVIDIA Corporation\PhysX\Common;C:\Program Files (x86)\Windows Kits\10\Windows Performance Toolkit\;C:\Program Files\dotnet\;C:\Program Files (x86)\GtkSharp\2.12\bin;C:\Program Files\MySQL\MySQL Utilities 1.6\;C:\WINDOWS\system32;C:\WINDOWS;C:\WINDOWS\System32\Wbem;C:\WINDOWS\System32\WindowsPowerShell\v1.0\;C:\WINDOWS\System32\OpenSSH\;C:\Program Files\Git\cmd;C:\Users\megroup9gmail.com\AppData\Roaming\npm;C:\Users\megroup9gmail.com\AppData\Local\Microsoft\WindowsApps;C:\Users\megroup9gmail.com\AppData\Local\GitHubDesktop\bin;C:\Users\megroup9gmail.com\Desktop\spring-tool-suite-3.9.5.RELEASE-e4.8.0-win32-x86_64\sts-bundle\sts-3.9.5.RELEASE;
USERNAME=megroup9gmail.com
OS=Windows_NT
PROCESSOR_IDENTIFIER=Intel64 Family 6 Model 94 Stepping 3, GenuineIntel



---------------  S Y S T E M  ---------------

OS: Windows 10.0 , 64 bit Build 17134 (10.0.17134.1)

CPU:total 4 (initial active 4) (4 cores per cpu, 1 threads per core) family 6 model 94 stepping 3, cmov, cx8, fxsr, mmx, sse, sse2, sse3, ssse3, sse4.1, sse4.2, popcnt, avx, avx2, aes, clmul, erms, rtm, 3dnowpref, lzcnt, tsc, tscinvbit, bmi1, bmi2, adx

Memory: 4k page, physical 8282544k(1171480k free), swap 16657272k(3260016k free)

vm_info: Java HotSpot(TM) 64-Bit Server VM (25.181-b13) for windows-amd64 JRE (1.8.0_181-b13), built on Jul  7 2018 04:01:33 by "java_re" with MS VC++ 10.0 (VS2010)

time: Sun Oct 07 03:08:10 2018
elapsed time: 247 seconds (0d 0h 4m 7s)

